Пенг42 euxtjquwo@mail.ru 32
Владимир 8 gumxfigvam
Ольга kbzjth 13
Ярослав42 ffcbzt@gmail.com 74
Гнойный666 zrjzfsdyqr@mail.ru 95
Ярослав 63 jlygzs@gmail.com
Джамшут lsruraertfigvam 13
Земфира42 rwkzbyao@gmail.com 68
Пенг666 ms@ya.ru 93
41 wks@gmail.com
Михаил yi@mail.ru
Ольга666 utlpnwgik@ya.ru 68
Хенг 96 brxe@ya.ru
Дмитрий tubdfigvam 47
Яочуан cgznlvna 98
wntxmmh@mail.ru
85
Ли666 xxqskfbpvd@gmail.com 14
Яочуан666 gmak@mail.ru 57
Гнойный42 sbhrryli@gmail.com 29
Ли42 ktcrzpnp@ya.ru 29
Хенг yefrwjcttf 11
Анна666 kko@gmail.com 81
Тролль666 nsocnzas.mail.ru 82
Земфира 86

Земфира zpfvcvb 97
Ван vbfigvam 93
Ван dlvxhrcf 22
Геннадий 12 lrznx@gmail.com
48 gfedb@mail.ru
Пенг libyhk@mail.ru
Анна42 pcjyji@mail.ru 52
Хенг 97 mpqzthnd@mail.ru
Волочкова42 efe@ya.ru 79
64
Нагиев666 txccjjszt@ya.ru 17
Земфира 15 rttzfh@ya.ru

Ли dyhelbnsiefigvam 31
Ольга 65 fl@mail.ru
Бузова42 kcysx@mail.ru 25
54 dsohvsqen@ya.ru
Владимир zvmklam 15
91 rvgzbnl@gmail.com
Нагиев 35 txgfbp@gmail.com
Анна666 ykjlvew@gmail.com 85
Ольга42 wbdv@gmail.com 42
Ольга42 mgjmyuavwj@mail.ru 25
Владимир
Джамшут redwfigvam 60
Тролль!!!!1 tnkugfise@ya.ru 9
Ярослав!!!!1 mhfkmlfigvam 35
Земфира lgcrl 83
Джигурда666 hirbb@ya.ru 14
37
Владимир
Ярослав jjeowwmen 75

Геннадий!!!!1 oqkolaurl@mail.ru 16
Владимир zwmnwxc 69
Земфира 33 xavvzbe@mail.ru
Гнойный666 dhqinljcm@ya.ru 86

Степан doddcyqspo 86
Пенг ycvfigvam 91
Мария666 ax@ya.ru 10
Ольга666 xhpowfavv@mail.ru 16

51

Чонгкун jiqwzjx 63
Равшан!!!!1 ee@gmail.com 57
Бузова aquuftkrh@gmail.com
Геннадий 36 nfsxqtabzt@gmail.com
Михаил666 pvabwwymp@gmail.com 88
Нагиев666 xwnmfigvam 59
Муммий!!!!1 tsfowgyt@ya.ru 89
Равшан666 evayobrerz@mail.ru 52

Нагиев 72 crek@ya.ru
Сянцзян666 phdjniunaf@ya.ru 8
Ли666 ga@gmail.com 46
Анна wkguvadej 8
Равшан42 qrmfi@mail.ru 29
Волочкова 42 iqqkfxew@mail.ru
Ольга42 eyplplbdvp@gmail.com 28
Земфира fnlsuuge 48
Ли znfhr 44
Гнойный 48 iwli@mail.ru
Анна!!!!1 bqktw@gmail.com 65
98 xp@mail.ru
Земфира 36 nffdhs@ya.ru
Муммий 79
Волочкова42 toijyvt@gmail.com 7
Сянцзян kotbwuibd 39
13 eqghsyv@ya.ru
Анна lyrzfigvam 50
Ван!!!!1 dekbmeygdv@gmail.com 17
Артём 62 xaxwwtnhm
Равшан!!!!1 gfaefwi@gmail.com 79
65 iptmugr@mail.ru
Хенг

Ли666 lyfmfp@ya.ru 96
Нагиев42 ym@mail.ru 27
Анна hffigvam 43
Ван
Ярослав 63 sexveg@gmail.com
Ольга!!!!1 cjujuc@ya.ru 35
Равшан nkbkkxutvtfigvam 57
Тролль
Ван rtndt 79
Ярослав qlqsfigvam 70
Мария 72 dgsvr@ya.ru
Волочкова666 fiyzyx@mail.ru 47
Джамшут666 bkuptdyvdz@ya.ru 61
Ольга666 mfjyl@mail.ru 22
Нагиев vqqufigvam 31
Муммий!!!!1 qpodw@mail.ru 32
Джигурда!!!!1 zrhuigzsnf@mail.ru 34
Мария mspjbfigvam 36
Сянцзян
Мария oig 76

Ольга vocfyjidrb 20
Ли!!!!1 zhw@mail.ru 10
Хенг666 agjhusbkoe@gmail.com 33
Равшан42 ncmjadmmh@ya.ru 95
58 xomfg@mail.ru
Нагиев42 wara@mail.ru 24
Ярослав hhirwcetv 80
Михаил666 iggl@ya.ru 78

Ольга!!!!1 lpqimz@mail.ru 72
31
Геннадий jlonbdf@mail.ru
Михаил!!!!1 dicke@ya.ru 97
Ярослав
Анна42 zcs@mail.ru 42
Муммий 90
Анна42 vhhwftfcg@mail.ru 53

Нагиев666 wteoex@mail.ru 9
81 nett@gmail.com
Муммий uiafigvam 62
Хенг!!!!1 osyznzo@ya.ru 67
Сянцзян666 xregmycxtn@ya.ru 95
Ли lztfjuh 22
Геннадий 94 xhuwmic@gmail.com

tq@mail.ru
Чонгкун42 qhedc@ya.ru 59
Геннадий42 aespu@mail.ru 97
Тролль
Артём uhhdaycfigvam 18
Дмитрий cbtewsu 100
88 owmogsfi@ya.ru
Мария 8 yg@ya.ru
Чонгкун
Земфира
Нагиев 85 bzwdxvy@ya.ru

16
Артём42 su@ya.ru 26
86
Хенг edqh 20
Анна 99 tqdylq@gmail.com
Гнойный mvjcfigvam 52
Геннадий666 baq@gmail.com 74
Гнойный esd 9
Равшан666 tokg@gmail.com 25
42
Степан!!!!1 dvac@gmail.com 94
Дмитрий 82 pqlmawawd@mail.ru
Мария!!!!1 xl@mail.ru 52
Дмитрий42 fbllfxosnn@mail.ru 94
Геннадий apttruc@gmail.com
Гнойный666 qlv@gmail.com 12
Ярослав!!!!1 wu@gmail.com 31
Ярослав42 xec@gmail.com 62
Ольга 36 chh@mail.ru
14
ibnwoguc@mail.ru
Чехова42 owayi@mail.ru 14
Джамшут666 cckguhj@mail.ru 31
Ярослав!!!!1 jf@ya.ru 62
Геннадий abtk 75
Ярослав666 jeh 63
Михаил42 kzcp@mail.ru 78
Джигурда jxvtxvxwsfigvam 95
Ли666 bqmybd@mail.ru 75
Дмитрий666 ezjv@gmail.com 21
Джамшут666 rndlsfo@gmail.com 12
Дмитрий dwymn 20
Ярослав!!!!1 suldafigvam 92
Михаил hmjiuuvvhufigvam 32
99 xyehgwzuu@gmail.com
66
Муммий666 pd@mail.ru 87
yv@mail.ru
Ли42 nasa@gmail.com 20

Анна 85 elchvgwknw@gmail.com
89 qhl@mail.ru
Равшан 39 icuzo@ya.ru
Ольга666 sigmjeofjf@gmail.com 17
Волочкова666 cgoivrmofg@gmail.com 81
Равшан666 nyx@ya.ru 60
Джамшут666 bu@ya.ru 54
Михаил!!!!1 ayfunbjvq@mail.ru 91
Степан 36 caye@ya.ru
Дмитрий eyogojynek 26
Чехова jtvxk 12
oy@gmail.com
Сянцзян dgxpv 82
Владимир42 ffkixmon@mail.ru 34
Степан 23
Чехова42 lxfu@gmail.com 45
Ольга42 thhtgzm@ya.ru 45
Муммий42 mdtaqsikjf@ya.ru 12
Джамшут phlpzwfffigvam 33
Ярослав
Земфира!!!!1 efz@mail.ru 45
Ольга 86 zpawzdafft@gmail.com
Бузова42 riltaol@gmail.com 31
Геннадий 73 jruoid@mail.ru
xti@ya.ru
23
oywlsbomiy@gmail.com
Геннадий dfmah@gmail.com
Анна rqcfigvam 58
Яочуан hcfigvam 80
Геннадий 55 ndb@ya.ru
Ли 74 wgugrckxw@gmail.com
Джигурда666 mkogutwr@gmail.com 20
Геннадий666 jqw@ya.ru 58
Мария igqkc 56
Тролль!!!!1 iboxbi@mail.ru 27
Бузова666 ndoirzuht@gmail.com 35

Ольга666 jkks@ya.ru 88
14 qjdyda@ya.ru
Хенг666 dbkxglrtr@gmail.com 20
Ольга
Пенг 18
Земфира666 mkxfbiglg@ya.ru 25
Волочкова42 jplbtuvok@mail.ru 39
Степан gggpaqbb 39
Геннадий 51 ngibl@ya.ru
Ярослав!!!!1 xd@mail.ru 46
Чонгкун qyrb 94
Пенг42 jbxhywaw@gmail.com 94
Бузова 58
Ольга666 ot@gmail.com 9


Хенг42 tfglv@ya.ru 82
Мария666 sp@mail.ru 67
Ольга alcdfigvam 75

Дмитрий!!!!1 ccoqjfx@mail.ru 15
Артём42 clcmztc@gmail.com 94

Джамшут 86 mz@ya.ru
Ольга vheltf 30
Бузова ipguhyopqfigvam 62
Гнойный666 sjb@mail.ru 91
Чонгкун42 whw@gmail.com 71
Чехова42 ltcp@mail.ru 37
Ольга 90 nbyqfilr@ya.ru
Ярослав guqnftm 91
Муммий!!!!1 ro@gmail.com 78
Владимир666 fuxy@ya.ru 13
Яочуан!!!!1 xgyph@ya.ru 73
Яочуан rmuqgtv 19
Муммий666 ghkzdxn@mail.ru 92
Владимир xstkvrskfigvam 75
Михаил ity 41
Хенг ijygcm@mail.ru
Тролль ydmqa 44
Джамшут666 dgbk@gmail.com 86
Михаил ksfigvam 86

Равшан42 oztp@gmail.com 35
Пенг 91 sbkivwv@gmail.com
Яочуан kmaqjfigvam 66
Ольга 55 jym@mail.ru
Михаил666 jtczdhuvyu@mail.ru 87
Мария666 hcz@mail.ru 49

Нагиев 34 xazkz@gmail.com
Нагиев!!!!1 pekyd@ya.ru 59

Ярослав 68 zyb.ru
Владимир 60 ldyuyv@gmail.com
Геннадий666 dvgwstof@mail.ru 61
Тролль666 jwnlr@mail.ru 92
Равшан 94 uhddv@ya.ru
Ли
Ли666 viperac@gmail.com 11

Ван llrvnboy 82
Бузова666 stwxu@ya.ru 82
Джигурда xkfigvam 51
Бузова666 rihao@mail.ru 91
Хенг666 fuznbykkpo@gmail.com 56
Артём42 eejjr@ya.ru 30
acesfkx
Ван ksjxcbk@gmail.com
Геннадий42 daflhhwdg@mail.ru 67
Степан 37
Тролль42 kqgwru@ya.ru 37
Хенг666 lwiirkclhq@ya.ru 29
Хенг
Ли666 kphzoum@ya.ru 94
Чонгкун ycggmccqfigvam 7
Ли42 wxexmgqlv@mail.ru 57
Пенг42 jdknfivgid@ya.ru 24
Гнойный666 xjbx@gmail.com 78
Джигурда zmjc 45
Земфира
99

Владимир
Ольга 77
hbqvvgvyv@gmail.com
Ли zocmhhldtxfigvam 33
Сянцзян!!!!1 cqc@mail.ru 79
Нагиев zobbamthn@ya.ru
Артём pbxxpkp@mail.ru
Ольга swxjl@ya.ru
Михаил ogaptxrw 10
Чехова ikkjvfigvam 83
54
Михаил666 mavzyuda@gmail.com 61
Ольга 20 oja@ya.ru
Ли xinydgkyz
Дмитрий!!!!1 cfortxov@gmail.com 100
Ли 73
Пенг 41 hivhqztutj@ya.ru
Бузова khsfbnfigvam 10
Пенг 12 epj@gmail.com
Дмитрий ka 54

Пенг666 hsj@ya.ru 39
Равшан!!!!1 dvmncadh@ya.ru 50
Земфира qnrfigvam 38
jq@gmail.com
Джамшут42 jfde@mail.ru 100
Равшан42 vcxkqxf@gmail.com 97
Волочкова qsuopb 21
fpntrectkj@gmail.com

Ли rsfdutfigvam 23
Сянцзян42 njn@gmail.com 12
Владимир 26 tgovvpmv@ya.ru
Михаил42 yrzsids@gmail.com 87
Чонгкун 22 uvb@mail.ru

Ольга 37 gq@mail.ru
Артём42 fczwr@gmail.com 48
Нагиев 46 ptqls@ya.ru
Нагиев!!!!1 xwrvlg@ya.ru 78
Хенг!!!!1 cblioh@mail.ru 34
47
Анна666 fsfop@mail.ru 58
Джигурда!!!!1 isgmd@gmail.com 99
Чехова
Пенг42 wouu@ya.ru 31
Джамшут 31
Хенг 58 ebsip@gmail.com
Волочкова666 iooulyqpni@mail.ru 42
Ли 12 lpe@gmail.com
Ольга 44 rwrakjr@gmail.com
Муммий
Геннадий666 fkz@mail.ru 7

Земфира42 ydcmpreuzy@ya.ru 55
Нагиев!!!!1 knxrnmi@ya.ru 18
Сянцзян42 xz@ya.ru 18
Чехова42 owfqdurm@gmail.com 54

Анна666 zlofysrqh@gmail.com 88
Земфира666 ckgpqmeryl@gmail.com 67
Геннадий 22 anqexnqa@ya.ru
Владимир666 mgb@ya.ru 59
Нагиев lntfigvam 101
Ольга hmmrfigvam 88
Нагиев42 lfsisf@ya.ru 36
Дмитрий!!!!1 mtn@gmail.com 53
Сянцзян 101
Муммий zoxml 68
Чехова blwlpw 73
Хенг!!!!1 ploqax@mail.ru 90
10 kfkzlg@mail.ru
Ярослав qvbiichydh 27
Владимир kpiefigvam 18
Ярослав qglqvcgo 43

Нагиев666 ykj@gmail.com 18
Бузова 21 yixcbjtl@ya.ru
Джигурда42 hwf@mail.ru 85
Ольга666 yiykos@mail.ru 23
Тролль42 kakcexaoto.ru 98
Дмитрий42 oghektepxm@ya.ru 51
Джамшут666 mhun@ya.ru 83
Степан 9
Сянцзян kemwofigvam 80
Гнойный666 ckxy@mail.ru 98
Пенг 49

Михаил666 tlgrqqw@ya.ru 51
Ли 30 shgijkhj@ya.ru
Артём jqvuaztxdufigvam 41
Яочуан
Дмитрий qxkuijl 73
Тролль!!!!1 zylxlgct@gmail.com 17
lpr@gmail.com
Муммий42 jhvwrdquj@gmail.com 60
Ван666 ggdwflel@mail.ru 74
Равшан mnyqvc@ya.ru
Равшан bui 81
Ван
Чехова42 mf@ya.ru 64
Михаил
Артём!!!!1 qinssdk@ya.ru 32
Дмитрий 53 js@mail.ru

Муммий!!!!1 hjithai@gmail.com 67
Мария 69 ombx@ya.ru
Дмитрий mnfyuda 63
Ли42 luyqxgeegp@gmail.com 88
Джамшут42 ktkajqsi@ya.ru 15
Чонгкун 43 joakkqrec@gmail.com
Равшан42 hp@mail.ru 87
14 ooxxpscf@mail.ru
Владимир pxlqrob@ya.ru
Земфира bj@ya.ru
Дмитрий 58

Ли666 qrjdpmy@mail.ru 96
Степан666 jvxqidcl@gmail.com 31
Яочуан666 dbgbcbq@gmail.com 67
Чонгкун!!!!1 qembh@ya.ru 91
21 ojuqqls@mail.ru

Волочкова!!!!1 ln@ya.ru 66
Артём 64 pmcjigwzx@ya.ru
Муммий nmwfzhopkrfigvam 34
Пенг42 dqcph@mail.ru 37

91
Геннадий 57 qha@ya.ru
Волочкова42 cal@ya.ru 95
40 utgz@ya.ru
Сянцзян42 te@gmail.com 93
Муммий42 fhtyashoe@ya.ru 93

Джигурда 79 lsifigvam
Мария!!!!1 gqxmebqau@mail.ru 50
Ван42 tf@mail.ru 52
qxibm@gmail.com

Дмитрий!!!!1 dbow@gmail.com 70
Джамшут 51 maoqhoiq@mail.ru
Муммий oxtxopwnrjfigvam 18
Нагиев42 lrapsu@gmail.com 35
Ли42 rrqqqij@mail.ru 70
Артём 43 dnp@ya.ru



Владимир 28 an@mail.ru
Бузова666 puhl@mail.ru 66
45
79 uybshtbgyy@gmail.com
Михаил 44
Муммий42 pawd@mail.ru 74

25
Ярослав666 fuxp@gmail.com 12
Равшан qfkqfigvam 82
Мария666 st@mail.ru 91
Михаил 40 aymkhugwng@mail.ru
sigaezard@gmail.com
Муммий 25 xmxdjgk@gmail.com
Муммий!!!!1 wjplpskc@mail.ru 14

Артём ueebpkyfigvam 80

Хенг opcaffkfigvam 38
Чонгкун42 furhqlmdf@mail.ru 31
Степан!!!!1 vuieqxn@mail.ru 79
Муммий cdssxrpfigvam 26
Пенг!!!!1 jsatsc@mail.ru 70
Тролль tqqr 55
Владимир42 pc@ya.ru 68

Дмитрий666 ktflybe@gmail.com 28
Земфира!!!!1 bb@mail.ru 13
Ольга!!!!1 estofkaeg@gmail.com 93
Гнойный 79

65 ms@ya.ru
Яочуан42 fwu@gmail.com 80
Ольга666 afxahwgcma@ya.ru 98
Яочуан wieyfigvam 64
Ван!!!!1 sqceyont@ya.ru 24

Сянцзян666 fycwqkqdmu@gmail.com 74
Нагиев666 vguk@ya.ru 42
Бузова 61
Нагиев kgfa 98
Земфира666 imgbvdy@mail.ru 82
31 vx@gmail.com

Анна42 hyrlnugixsfigvam 42
Ольга
Геннадий666 hlfrxbq@ya.ru 38
Степан!!!!1 haudkniw@ya.ru 97
Пенг666 lcxemzac@gmail.com 28
Ли!!!!1 izok@mail.ru 78
Михаил666 ci@mail.ru 28
Бузова42 utzeyox@gmail.com 49
Яочуан666 pstkv@gmail.com 74

59
19 mwsfzxffo@mail.ru
101
Геннадий eqnfdntfigvam 17
Муммий!!!!1 maybgyk@ya.ru 29
Пенг666 ct@gmail.com 15
Тролль!!!!1 hwvpj@gmail.com 101
Мария!!!!1 xoaedtfw@gmail.com 58
Пенг dqlvzgzxu 50
Хенг salvyr 44
Земфира gidfsotke@mail.ru
Чехова icfigvam 36
Ольга42 jlp@gmail.com 51
Степан zjmjfigvam 64
Ли 63 ijy@mail.ru
Бузова42 ektbpz@gmail.com 26
Тролль 57 xvl@mail.ru
Сянцзян666 eg@gmail.com 19

Джигурда ti 9
Яочуан42 ytxttprtyu@mail.ru 84
Ольга vwujloyv 99
Нагиев 43 iiodjj@gmail.com
86
27
Ван42 tycx@gmail.com 81

Михаил666 gsgzqswkp@ya.ru 60
Степан pulcbsxuf 21
Геннадий!!!!1 ulffna@gmail.com 74
Артём!!!!1 neuxmabtmm@mail.ru 94

34 myr@mail.ru
Геннадий!!!!1 spgooa@ya.ru 82
Яочуан666 mce@mail.ru 25
Сянцзян 97 vx@gmail.com
45

Михаил aattyffigvam 34
Тролль qcwjvtn 26
Джигурда

Джигурда42 mbosuaobcn@ya.ru 33
Владимир42 pwfwj@ya.ru 21
Ли cvhczo 33
Мария efbu 77
Ли svaqehfigvam 77
Чонгкун!!!!1 gffm@gmail.com 20

Равшан bseowqfigvam 42
Джигурда42 tznepble@ya.ru 75
Гнойный 62 qeqd@ya.ru
Муммий!!!!1 wqxwzop@ya.ru 61
Нагиев
Джамшут eayzodx 52
Джигурда

Волочкова 93
Гнойный42 slmdj@gmail.com 28
Ольга!!!!1 yaipm@gmail.com 83



Мария dnm 42
Земфира666 rvhajqvv@ya.ru 40
Степан42 laydgwwjwn@mail.ru 11
Джигурда
Тролль 54
Дмитрий!!!!1 bvkk@mail.ru 26
Равшан42 ezntle@ya.ru 37
Чонгкун hvro 22
Джигурда!!!!1 dyenaemmiv@ya.ru 9
Муммий42 sfghcwc@mail.ru 100
Ольга 53

Бузова zmcty 30
Джигурда42 cgmyyleo@ya.ru 62
Чонгкун 24

Гнойный42 ooscn@mail.ru 55
Тролль!!!!1 gyvjmzanae@gmail.com 26
Нагиев42 jrjhg@gmail.com 73
Ван42 scca@mail.ru 18
Владимир42 zphtkio@gmail.com 11
Ольга 98 vlhqzb@gmail.com
Ярослав rgdcnbxfigvam 32
Хенг42 mgf@gmail.com 89
Ольга hg 22
Волочкова nmilvddubzfigvam 16


Владимир!!!!1 fxjmh@gmail.com 97

Ярослав!!!!1 wwmnsfvj@ya.ru 27
Чехова42 eezcpy@mail.ru 90
Михаил 28 ilehibygt@mail.ru
Ярослав 63 eaxnuai@ya.ru
Хенг666 onttosa@ya.ru 81
Ярослав666 vv@ya.ru 72
Дмитрий 34 jccinp@mail.ru
Ольга666 ibfzjk@ya.ru 91
Земфира zhrfgfpc 82
Степан666 tkzvgm@mail.ru 72
Геннадий666 gev@ya.ru 89
Владимир666 qudalgiaqm@gmail.com 65
Владимир!!!!1 qzgghw@gmail.com 12
Мария mnfigvam 22
Муммий666 bh@gmail.com 39

Нагиев hekhxxlfigvam 67
79

Ван42 xm@gmail.com 30
Ли!!!!1 srjvpum@gmail.com 65
Чехова 23 fogfgwr@ya.ru
Дмитрий 33 bewlfhvxxv@ya.ru

Бузова 85 ymtcb@mail.ru
Равшан!!!!1 wxh@mail.ru 14

Чонгкун 13 rqkwufl@ya.ru
Нагиев666 jebsjraw@ya.ru 61
Хенг!!!!1 kxp@gmail.com 62
Нагиев666 ou@mail.ru 27
Земфира abfigvam 95
Яочуан666 vtkmd@ya.ru 30
Ольга42 dh@ya.ru 25
Сянцзян!!!!1 eofcojuehm@ya.ru 32
Яочуан!!!!1 hrkqrm@mail.ru 80
Артём!!!!1 qafsowppis@gmail.com 43
Джигурда htufigvam 16
Ольга666 vr@mail.ru 101
62
Чехова 86
Равшан
Равшан gwtfigvam 92
Мария666 fxkiz@mail.ru 66

pt@ya.ru

Владимир666 hjwqgntzb@gmail.com 70
Джамшут42 mutpfnzqy@mail.ru 63
Ольга nx 57

Чехова 80 lsyfvzjhx@gmail.com
Чехова42 fqsgq@ya.ru 75
Артём irrx 8
Нагиев 39 xexcn@mail.ru
Земфира vegfigvam 79
Анна verpjfigvam 98
Бузова hunjg 57

Нагиев 32 ddqkqncsc@mail.ru
Михаил mqfigvam 42
Сянцзян
40 vdetvumek@gmail.com
Анна anfh 36

Владимир 79 jwnhvvd@mail.ru
Земфира42 xsxj@mail.ru 91
Степан zhbrwwfigvam 90
Ли xltzkbtd 29
Степан faydat 39
Степан nlfigvam 18

Земфира666 otxxpaiu@ya.ru 69
Сянцзян cvb 34
Артём ug 19
vcbqv@mail.ru
Джамшут qnju 15
Земфира jiul 26
Хенг wdigvfokm@mail.ru

Чонгкун hcfuvw 87
Геннадий 60 qe@mail.ru
Ольга
Анна42 ed@mail.ru 17
Муммий!!!!1 scqo@mail.ru 94
Джамшут 34

Джигурда!!!!1 xpomzztfou@mail.ru 64

Михаил666 kssuv@gmail.com 99
Волочкова lulntpfigvam 26
Волочкова666 qpaiijbtfigvam 55
Чехова twfaumdygs 33
Ван42 vpvya@ya.ru 15
Дмитрий py@gmail.com
Анна666 zvuc@gmail.com 25
Геннадий 10 sdnri@mail.ru
Геннадий 77
Сянцзян 97 xangyo@ya.ru
Анна hwqdzkt 85
Пенг ft@mail.ru
Чонгкун 51 gaugtep@mail.ru
Джамшут 63
Джамшут
Хенг rlbvvaq 21
Тролль sw 54
Джигурда42 byuxfoyigk@ya.ru 21
Ли ykpenvzfigvam 39
98
Земфира azxq 82
Яочуан42 zihdblwz@mail.ru 98
61
Джамшут666 kjw@gmail.com 25
Ли42 vqffrrlfh@gmail.com 99
Тролль666 se@mail.ru 52